<?xml version="1.0" encoding="UTF-8"?>
<!-- Generated by org.testng.reporters.JUnitXMLReporter -->
<testsuite ignored="0" hostname="DESKTOP-MOFPJUL" failures="0" tests="2" name="Project2TestNG Test" time="38.842" errors="0" timestamp="2025-03-18T15:55:01 IST">
  <testcase classname="Seleniumlearning.Manasaproject2.Project2TestNG" name="SubmitOrder" time="11.375"/>
  <testcase classname="Seleniumlearning.Manasaproject2.Project2TestNG" name="SubmitOrder" time="8.328"/>
</testsuite> <!-- Project2TestNG Test -->
